# Tachyon - Fast Multi-Threaded Web Discovery Tool
# Copyright (c) 2011 Gabriel Tremblay - initnull hat gmail.com
#
# GNU General Public Licence (GPL)
#
# This program is free software; you can redistribute it and/or modify it under
# the terms of the GNU General Public License as published by the Free Software
# Foundation; either version 2 of the License, or (at your option) any later
# version.
# This program is distributed in the hope that it will be useful, but WITHOUT
# ANY WARRANTY; without even the implied warranty of MERCHANTABILITY or FITNESS
# FOR A PARTICULAR PURPOSE.  See the GNU General Public License for more
# details.
# You should have received a copy of the GNU General Public License along with
# this program; if not, write to the Free Software Foundation, Inc., 59 Temple
# Place, Suite 330, Boston, MA  02111-1307  USA

{"url" : "/access.txt", "description" : "access log"}
{"url" : "/access_log", "description" : "access log"}
{"url" : "/access.log", "description" : "access log"}
{"url" : "/admin.xls", "description" : "Admin xls file"}
{"url" : "/administrators.pwd", "description" : "Password file"}
{"url" : "/authors.pwd", "description" : "Password file"}
{"url" : "/backup.csv", "description" : "database backup"}
{"url" : "/backup.zip", "description" : "Site backup",}
{"url" : "/backup.tar.gz", "description" : "Site backup",}
{"url" : "/backup.tar.bz2", "description" : "Site backup",}
{"url" : "/backup.sql", "description" : "database backup"}
{"url" : "/cachemgr.cgi", "description" : "Squid proxy admin interface"}
{"url" : "/ccbill.log", "description" : "CCBill.com logs"}
{"url" : "/config.ini", "description" : "Config file"}
{"url" : "/data.csv", "description" : "database backup"}
{"url" : "/data.sql", "description" : "database backup"}
{"url" : "/deploy.zip", "description" : "Site backup",}
{"url" : "/deploy.tar.gz", "description" : "Site backup",}
{"url" : "/deploy.tar.bz2", "description" : "Site backup",}
{"url" : "/error_log", "description" : "error log"}
{"url" : "/error.log", "description" : "error log"}
{"url" : "/errors.log", "description" : "errors log"}
{"url" : "/errors.txt", "description" : "access log"}
{"url" : "/export.csv", "description" : "database backup"}
{"url" : "/export.sql", "description" : "database backup"}
{"url" : "/.htaccess", "description" : "htacces file"}
{"url" : "/.htpasswd", "description" : "htpasswd file"}
{"url" : "/id_rsa", "description" : "rsa private key"}
{"url" : "/import.sql", "description" : "database backup"}
{"url" : "/index.php.old", "description" : "index.php backup"}
{"url" : "/index.php.bak", "description" : "index.php backup"}
{"url" : "/index.php~", "description" : "index.php backup"}
{"url" : "/infos.txt", "description" : "info file"}
{"url" : "/login.log", "description" : "login log"}
{"url" : "/login.txt", "description" : "access log"}
{"url" : "/main.mdb", "description" : "ASP-Nuke db"}
{"url" : "/my.cnf", "description" : "Mysql config file"}
{"url" : "/my.cnf.old", "description" : "Mysql config file"}
{"url" : "/my.cnf.bak", "description" : "Mysql config file"}
{"url" : "/pass.txt", "description" : "Password file"}
{"url" : "/password", "description" : "password file"}
{"url" : "/passwords", "description" : "password file"}
{"url" : "/password.txt", "description" : "password file"}
{"url" : "/passwords.txt", "description" : "password file"}
{"url" : "/password.dat", "description" : "Password file"}
{"url" : "/password.log", "description" : "Password log file"}
{"url" : "/password.bak", "description" : "Password file"}
{"url" : "/passwd.bak", "description" : "Password file"}
{"url" : "/php.ini", "description" : "php config"}
{"url" : "/proftpd.conf", "description" : "ProFTPD config"}
{"url" : "/proftpd.old", "description" : "ProFTPD config"}
{"url" : "/proftpd.bak", "description" : "ProFTPD config"}
{"url" : "/proftpd.conf~", "description" : "ProFTPD config"}
{"url" : "/putty.log", "description" : "PuTTY logs"}
{"url" : "/putty.reg", "description" : "PuTTY logs"}
{"url" : "/service.pwd", "description" : "Password file"}
{"url" : "/settings.ini", "description" : "settings file"}
{"url" : "/settings", "description" : "settings file"}
{"url" : "/site.csv", "description" : "database backup"}
{"url" : "/site.zip", "description" : "Site backup"}
{"url" : "/site.tar.gz", "description" : "Site backup"}
{"url" : "/site.tar.bz2", "description" : "Site backup"}
{"url" : "/site.sql", "description" : "database backup"}
{"url" : "/users.pwd", "description" : "Password file"}
{"url" : "/WS_FTP.LOG", "description" : "WS_FTP client logs"}
{"url" : "/ws_ftp.ini", "description" : "WS_FTP client config"}

# PHP common developer files
{"url" : "/info.php", "description" : "Common phpinfo() wrapper script", "match_string" : "PHPE9568F34-D428-11d2-A769-00AA001ACF42"}
{"url" : "/infos.php", "description" : "Common phpinfo() wrapper script", "match_string" : "PHPE9568F34-D428-11d2-A769-00AA001ACF42"}
{"url" : "/phpinfo.php", "description" : "Common phpinfo() wrapper script", "match_string" : "PHPE9568F34-D428-11d2-A769-00AA001ACF42"}
{"url" : "/phpinfos.php", "description" : "Common phpinfo() wrapper script", "match_string" : "PHPE9568F34-D428-11d2-A769-00AA001ACF42"}

# Home shell temporary files
{"url" : "/.bash_history", "description" : "Bash history"}
{"url" : "/.bashrc", "description" : "Bash default config file"}
{"url" : "/.config", "description" : "Generic config"}
{"url" : "/.mysql_history", "description" : "mysql history"}
{"url" : "/.profile", "description" : "Common default shell config file"}
{"url" : "/.sh_history", "description" : "sh history"}
